<?xml version="1.0" encoding="UTF-8"?>
<testsuite xmlns:xsi="http://www.w3.org/2001/XMLSchema-instance" xsi:noNamespaceSchemaLocation="https://maven.apache.org/surefire/maven-surefire-plugin/xsd/surefire-test-report-3.0.xsd" version="3.0" name="com.greendrop.service.AgriculteurServiceTest" time="43.764" tests="5" errors="0" skipped="0" failures="0">
  <properties>
[...]
</properties>
  <testcase name="testUpdateAgriculteur" classname="com.greendrop.service.AgriculteurServiceTest" time="1.791">
    <system-out><![CDATA[10:30:41.099 [main] INFO org.springframework.test.context.support.AnnotationConfigContextLoaderUtils -- Could not detect default configuration classes for test class [com.greendrop.service.AgriculteurServiceTest]: AgriculteurServiceTest does not declare any static, non-private, non-final, nested classes annotated with @Configuration.
10:30:41.264 [main] INFO org.springframework.boot.test.context.SpringBootTestContextBootstrapper -- Found @SpringBootConfiguration com.greendrop.GreenDropApplication for test class com.greendrop.service.AgriculteurServiceTest

  .   ____          _            __ _ _
 /\\ / ___'_ __ _ _(_)_ __  __ _ \ \ \ \
( ( )\___ | '_ | '_| | '_ \/ _` | \ \ \ \
 \\/  ___)| |_)| | | | | || (_| |  ) ) ) )
  '  |____| .__|_| |_|_| |_\__, | / / / /
 =========|_|==============|___/=/_/_/_/
 :: Spring Boot ::                (v3.2.3)

2025-08-27T10:30:41.827+01:00  INFO 30168 --- [greendrop] [           main] c.g.service.AgriculteurServiceTest       : Starting AgriculteurServiceTest using Java 23.0.2 with PID 30168 (started by krr.salmane in C:\Users\krr.salmane\OneDrive\Documents\New folder\Desktop\Fill Rouge\backend)
2025-08-27T10:30:41.833+01:00  INFO 30168 --- [greendrop] [           main] c.g.service.AgriculteurServiceTest       : No active profile set, falling back to 1 default profile: "default"
2025-08-27T10:30:43.663+01:00  INFO 30168 --- [greendrop] [           main] .s.d.r.c.RepositoryConfigurationDelegate : Bootstrapping Spring Data JPA repositories in DEFAULT mode.
2025-08-27T10:30:44.048+01:00  INFO 30168 --- [greendrop] [           main] .s.d.r.c.RepositoryConfigurationDelegate : Finished Spring Data repository scanning in 352 ms. Found 6 JPA repository interfaces.
2025-08-27T10:30:44.395+01:00  INFO 30168 --- [greendrop] [           main] beddedDataSourceBeanFactoryPostProcessor : Replacing 'dataSource' DataSource bean with embedded version
2025-08-27T10:30:46.995+01:00  INFO 30168 --- [greendrop] [           main] o.s.j.d.e.EmbeddedDatabaseFactory        : Starting embedded database: url='jdbc:h2:mem:897ca66b-685a-4316-8463-27fc3e97eb5a;DB_CLOSE_DELAY=-1;DB_CLOSE_ON_EXIT=false', username='sa'
2025-08-27T10:30:52.749+01:00  INFO 30168 --- [greendrop] [           main] o.hibernate.jpa.internal.util.LogHelper  : HHH000204: Processing PersistenceUnitInfo [name: default]
2025-08-27T10:30:53.521+01:00  INFO 30168 --- [greendrop] [           main] org.hibernate.Version                    : HHH000412: Hibernate ORM core version 6.4.4.Final
2025-08-27T10:30:53.658+01:00  INFO 30168 --- [greendrop] [           main] o.h.c.internal.RegionFactoryInitiator    : HHH000026: Second-level cache disabled
2025-08-27T10:30:58.165+01:00  INFO 30168 --- [greendrop] [           main] o.s.o.j.p.SpringPersistenceUnitInfo      : No LoadTimeWeaver setup: ignoring JPA class transformer
2025-08-27T10:30:58.847+01:00  WARN 30168 --- [greendrop] [           main] org.hibernate.orm.deprecation            : HHH90000025: H2Dialect does not need to be specified explicitly using 'hibernate.dialect' (remove the property setting and it will be selected by default)
2025-08-27T10:31:08.096+01:00  INFO 30168 --- [greendrop] [           main] o.h.e.t.j.p.i.JtaPlatformInitiator       : HHH000489: No JTA platform available (set 'hibernate.transaction.jta.platform' to enable JTA platform integration)
Hibernate: create table administrator (id bigint not null, primary key (id))
Hibernate: create table agriculteur (telephone varchar(255), id bigint not null, primary key (id))
Hibernate: create table champ (id bigint generated by default as identity, champ_status varchar(255) check (champ_status in ('Green','Red')), largeur float(24), longueur float(24), soil_type varchar(255) check (soil_type in ('sandy','clay','silty','loamy','peaty','chalky')), agriculteur_id bigint not null, culture_id bigint, primary key (id))
Hibernate: create table culture (id bigint generated by default as identity, besoins_en_eau float(24), nom varchar(255), saison varchar(255), primary key (id))
Hibernate: create table seance_irrigation (id bigint generated by default as identity, date date, heure time(6), quantite_eau float(24), agriculteur_id bigint not null, champ_id bigint not null, primary key (id))
Hibernate: create table users (id bigint generated by default as identity, email varchar(255), nom varchar(255), password varchar(255), prenom varchar(255), role varchar(255) check (role in ('ADMIN','AGRICULTEUR')), primary key (id))
Hibernate: alter table if exists users drop constraint if exists UK_6dotkott2kjsp8vw4d0m25fb7
Hibernate: alter table if exists users add constraint UK_6dotkott2kjsp8vw4d0m25fb7 unique (email)
Hibernate: alter table if exists administrator add constraint FKhhfc2dvk9qfv0xd9vdbhs5xs0 foreign key (id) references users
Hibernate: alter table if exists agriculteur add constraint FK14jmnq8kjdnu24cn2hptleyri foreign key (id) references users
Hibernate: alter table if exists champ add constraint FKnm1k46im3antj5iod8mkfvf2u foreign key (agriculteur_id) references agriculteur
Hibernate: alter table if exists champ add constraint FKcxow9nypkvgy4aweo3mjoisif foreign key (culture_id) references culture
Hibernate: alter table if exists seance_irrigation add constraint FKqihkjyn1d15ysr53u52h3pkrp foreign key (agriculteur_id) references agriculteur
Hibernate: alter table if exists seance_irrigation add constraint FKcbhkj95627wdnis9y17lu89mk foreign key (champ_id) references champ
2025-08-27T10:31:08.305+01:00  INFO 30168 --- [greendrop] [           main] j.LocalContainerEntityManagerFactoryBean : Initialized JPA EntityManagerFactory for persistence unit 'default'
2025-08-27T10:31:15.386+01:00  WARN 30168 --- [greendrop] [           main] JpaBaseConfiguration$JpaWebConfiguration : spring.jpa.open-in-view is enabled by default. Therefore, database queries may be performed during view rendering. Explicitly configure spring.jpa.open-in-view to disable this warning
2025-08-27T10:31:18.522+01:00  INFO 30168 --- [greendrop] [           main] o.s.s.web.DefaultSecurityFilterChain     : Will secure any request with [org.springframework.security.web.session.DisableEncodeUrlFilter@1c0ec502, org.springframework.security.web.context.request.async.WebAsyncManagerIntegrationFilter@6287e312, org.springframework.security.web.context.SecurityContextHolderFilter@6c2063e0, org.springframework.security.web.header.HeaderWriterFilter@700b035b, org.springframework.web.filter.CorsFilter@6a450cb5, org.springframework.security.web.authentication.logout.LogoutFilter@76e10574, com.greendrop.config.JwtAuthFilter@13d1653, org.springframework.security.web.savedrequest.RequestCacheAwareFilter@22825762, org.springframework.security.web.servletapi.SecurityContextHolderAwareRequestFilter@34e7a627, org.springframework.security.web.authentication.AnonymousAuthenticationFilter@c4bb119, org.springframework.security.web.session.SessionManagementFilter@63f819a6, org.springframework.security.web.access.ExceptionTranslationFilter@5b2c9a69, org.springframework.security.web.access.intercept.AuthorizationFilter@74214ac3]
2025-08-27T10:31:20.904+01:00  INFO 30168 --- [greendrop] [           main] o.s.b.a.h2.H2ConsoleAutoConfiguration    : H2 console available at '/h2-console'. Database available at 'jdbc:h2:mem:897ca66b-685a-4316-8463-27fc3e97eb5a'
2025-08-27T10:31:21.178+01:00  INFO 30168 --- [greendrop] [           main] c.g.service.AgriculteurServiceTest       : Started AgriculteurServiceTest in 39.713 seconds (process running for 41.226)
Hibernate: insert into users (email,nom,password,prenom,role,id) values (?,?,?,?,?,default)
Hibernate: insert into agriculteur (telephone,id) values (?,?)
]]></system-out>
    <system-err><![CDATA[WARNING: A Java agent has been loaded dynamically (C:\Users\krr.salmane\.m2\repository\net\bytebuddy\byte-buddy-agent\1.14.12\byte-buddy-agent-1.14.12.jar)
WARNING: If a serviceability tool is in use, please run with -XX:+EnableDynamicAgentLoading to hide this warning
WARNING: If a serviceability tool is not in use, please run with -Djdk.instrument.traceUsage for more information
WARNING: Dynamic loading of agents will be disallowed by default in a future release
]]></system-err>
  </testcase>
  <testcase name="testGetAllAgriculteurs" classname="com.greendrop.service.AgriculteurServiceTest" time="0.488">
    <system-out><![CDATA[Hibernate: insert into users (email,nom,password,prenom,role,id) values (?,?,?,?,?,default)
Hibernate: insert into agriculteur (telephone,id) values (?,?)
Hibernate: select a1_0.id,a1_1.email,a1_1.nom,a1_1.password,a1_1.prenom,a1_1.role,a1_0.telephone from agriculteur a1_0 join users a1_1 on a1_0.id=a1_1.id
]]></system-out>
  </testcase>
  <testcase name="testDeleteAgriculteur" classname="com.greendrop.service.AgriculteurServiceTest" time="0.957">
    <system-out><![CDATA[Hibernate: insert into users (email,nom,password,prenom,role,id) values (?,?,?,?,?,default)
Hibernate: insert into agriculteur (telephone,id) values (?,?)
Hibernate: select count(*) from agriculteur a1_0 where a1_0.id=?
Hibernate: delete from agriculteur where id=?
Hibernate: delete from users where id=?
Hibernate: select count(*) from agriculteur a1_0 where a1_0.id=?
]]></system-out>
  </testcase>
  <testcase name="testCreateAgriculteur" classname="com.greendrop.service.AgriculteurServiceTest" time="0.017">
    <system-out><![CDATA[Hibernate: insert into users (email,nom,password,prenom,role,id) values (?,?,?,?,?,default)
Hibernate: insert into agriculteur (telephone,id) values (?,?)
]]></system-out>
  </testcase>
  <testcase name="testGetAgriculteurById" classname="com.greendrop.service.AgriculteurServiceTest" time="0.02">
    <system-out><![CDATA[Hibernate: insert into users (email,nom,password,prenom,role,id) values (?,?,?,?,?,default)
Hibernate: insert into agriculteur (telephone,id) values (?,?)
]]></system-out>
  </testcase>
</testsuite>